SF:C:\Users\ryan.tauriainen\gamblers-dice\NDice\Die.cs
FN:6,System.Int32 NDice.Die::get_Sides()
FNDA:24163,System.Int32 NDice.Die::get_Sides()
DA:7,24163
FN:7,System.Int32 NDice.Die::get_Current()
FNDA:17325,System.Int32 NDice.Die::get_Current()
DA:8,17325
FN:25,System.Int32 NDice.Die::Roll()
FNDA:3300,System.Int32 NDice.Die::Roll()
DA:26,3300
FN:12,System.Void NDice.Die::.ctor(System.Int32)
FNDA:150,System.Void NDice.Die::.ctor(System.Int32)
DA:13,150
FN:17,System.Void NDice.Die::.ctor(NDice.IRandomizable,System.Int32)
FNDA:178,System.Void NDice.Die::.ctor(NDice.IRandomizable,System.Int32)
DA:18,178
DA:19,178
DA:20,178
DA:21,178
DA:22,178
LF:9
LH:9
BRF:0
BRH:0
FNF:5
FNH:5
end_of_record
SF:C:\Users\ryan.tauriainen\gamblers-dice\NDice\GamblersDie.cs
FN:31,System.Int32 NDice.GamblersDie::Roll()
FNDA:2400,System.Int32 NDice.GamblersDie::Roll()
DA:32,2400
DA:33,2400
DA:36,32000
DA:37,13600
DA:38,13600
DA:39,2400
DA:40,2400
DA:41,2400
DA:43,11200
DA:44,11200
DA:45,11200
DA:46,13600
DA:48,2400
DA:49,2400
BRDA:36,69,1,13600
BRDA:38,19,0,2400
BRDA:38,19,1,11200
BRDA:36,69,0,2400
FN:8,System.Void NDice.GamblersDie::.ctor(System.Int32)
FNDA:18,System.Void NDice.GamblersDie::.ctor(System.Int32)
DA:9,18
FN:12,System.Void NDice.GamblersDie::.ctor(System.Int32[])
FNDA:18,System.Void NDice.GamblersDie::.ctor(System.Int32[])
DA:13,18
FN:17,System.Void NDice.GamblersDie::.ctor(NDice.IRandomizable,System.Int32)
FNDA:18,System.Void NDice.GamblersDie::.ctor(NDice.IRandomizable,System.Int32)
DA:18,18
FN:22,System.Void NDice.GamblersDie::.ctor(NDice.IRandomizable,System.Int32[])
FNDA:18,System.Void NDice.GamblersDie::.ctor(NDice.IRandomizable,System.Int32[])
DA:23,18
FN:24,System.Void NDice.GamblersDie::.ctor(System.Double[])
FNDA:18,System.Void NDice.GamblersDie::.ctor(System.Double[])
DA:25,18
FN:26,System.Void NDice.GamblersDie::.ctor(NDice.IRandomizable,System.Double[])
FNDA:36,System.Void NDice.GamblersDie::.ctor(NDice.IRandomizable,System.Double[])
DA:27,36
LF:20
LH:20
BRF:4
BRH:4
FNF:7
FNH:7
end_of_record
SF:C:\Users\ryan.tauriainen\gamblers-dice\NDice\SystemRandomizable.cs
FN:10,System.Int32 NDice.SystemRandomizable::Get(System.Int32)
FNDA:8200,System.Int32 NDice.SystemRandomizable::Get(System.Int32)
DA:11,8200
FN:8,System.Void NDice.SystemRandomizable::.ctor()
FNDA:369,System.Void NDice.SystemRandomizable::.ctor()
DA:9,369
FN:9,System.Void NDice.SystemRandomizable::.ctor(System.Random)
FNDA:246,System.Void NDice.SystemRandomizable::.ctor(System.Random)
DA:10,246
LF:3
LH:3
BRF:0
BRH:0
FNF:3
FNH:3
end_of_record
SF:C:\Users\ryan.tauriainen\gamblers-dice\NDice\TappersDie.cs
FN:7,System.Boolean NDice.TappersDie::get_Tapped()
FNDA:2689,System.Boolean NDice.TappersDie::get_Tapped()
DA:8,2689
FN:61,System.Int32 NDice.TappersDie::Roll()
FNDA:2600,System.Int32 NDice.TappersDie::Roll()
DA:62,2600
BRDA:62,7,0,2500
BRDA:62,7,1,100
FN:63,System.Void NDice.TappersDie::Tap()
FNDA:5,System.Void NDice.TappersDie::Tap()
DA:64,5
FN:9,System.Void NDice.TappersDie::.ctor()
FNDA:5,System.Void NDice.TappersDie::.ctor()
DA:10,5
DA:11,5
DA:12,5
DA:13,5
DA:14,5
FN:15,System.Void NDice.TappersDie::.ctor(System.Boolean,System.Int32)
FNDA:5,System.Void NDice.TappersDie::.ctor(System.Boolean,System.Int32)
DA:16,5
DA:17,5
DA:18,5
DA:19,5
DA:20,5
FN:21,System.Void NDice.TappersDie::.ctor(System.Boolean,System.Int32[])
FNDA:6,System.Void NDice.TappersDie::.ctor(System.Boolean,System.Int32[])
DA:22,6
DA:23,6
DA:24,6
DA:25,6
DA:26,6
FN:27,System.Void NDice.TappersDie::.ctor(NDice.IRandomizable)
FNDA:3,System.Void NDice.TappersDie::.ctor(NDice.IRandomizable)
DA:28,3
DA:29,3
DA:30,3
DA:31,3
DA:32,3
FN:33,System.Void NDice.TappersDie::.ctor(NDice.IRandomizable,System.Boolean,System.Int32)
FNDA:3,System.Void NDice.TappersDie::.ctor(NDice.IRandomizable,System.Boolean,System.Int32)
DA:34,3
DA:35,3
DA:36,3
DA:37,3
DA:38,3
FN:39,System.Void NDice.TappersDie::.ctor(NDice.IRandomizable,System.Boolean,System.Int32[])
FNDA:6,System.Void NDice.TappersDie::.ctor(NDice.IRandomizable,System.Boolean,System.Int32[])
DA:40,6
DA:41,6
DA:42,6
DA:43,6
DA:44,6
FN:45,System.Void NDice.TappersDie::.ctor(NDice.IRandomizable,System.Boolean,System.Double[])
FNDA:12,System.Void NDice.TappersDie::.ctor(NDice.IRandomizable,System.Boolean,System.Double[])
DA:46,12
DA:47,12
DA:48,12
DA:49,12
DA:50,12
FN:51,System.Void NDice.TappersDie::.ctor(System.Double[])
FNDA:18,System.Void NDice.TappersDie::.ctor(System.Double[])
DA:52,18
FN:52,System.Void NDice.TappersDie::.ctor(System.Boolean,System.Double[])
FNDA:18,System.Void NDice.TappersDie::.ctor(System.Boolean,System.Double[])
DA:53,18
FN:53,System.Void NDice.TappersDie::.ctor(NDice.IRandomizable,System.Double[])
FNDA:18,System.Void NDice.TappersDie::.ctor(NDice.IRandomizable,System.Double[])
DA:54,18
FN:54,System.Void NDice.TappersDie::.ctor(System.Int32)
FNDA:9,System.Void NDice.TappersDie::.ctor(System.Int32)
DA:55,9
FN:55,System.Void NDice.TappersDie::.ctor(System.Int32[])
FNDA:18,System.Void NDice.TappersDie::.ctor(System.Int32[])
DA:56,18
FN:56,System.Void NDice.TappersDie::.ctor(NDice.IRandomizable,System.Int32)
FNDA:9,System.Void NDice.TappersDie::.ctor(NDice.IRandomizable,System.Int32)
DA:57,9
FN:57,System.Void NDice.TappersDie::.ctor(NDice.IRandomizable,System.Int32[])
FNDA:18,System.Void NDice.TappersDie::.ctor(NDice.IRandomizable,System.Int32[])
DA:58,18
LF:45
LH:45
BRF:2
BRH:2
FNF:17
FNH:17
end_of_record
SF:C:\Users\ryan.tauriainen\gamblers-dice\NDice\WeightedDie.cs
FN:7,System.Int32[] NDice.WeightedDie::get_Weight()
FNDA:35820,System.Int32[] NDice.WeightedDie::get_Weight()
DA:8,35820
FN:67,System.Int32 NDice.WeightedDie::Roll()
FNDA:4900,System.Int32 NDice.WeightedDie::Roll()
DA:68,4900
DA:69,4900
DA:70,4900
DA:73,70300
DA:74,27800
DA:75,27800
DA:76,27800
DA:79,43456
DA:80,16828
DA:81,16828
DA:82,16828
DA:84,4900
DA:85,4900
BRDA:73,37,1,27800
BRDA:73,37,0,4900
BRDA:79,86,1,16828
BRDA:79,86,0,4900
FN:11,System.Void NDice.WeightedDie::.ctor(System.Int32)
FNDA:66,System.Void NDice.WeightedDie::.ctor(System.Int32)
DA:12,66
FN:16,System.Void NDice.WeightedDie::.ctor(NDice.IRandomizable,System.Int32)
FNDA:40,System.Void NDice.WeightedDie::.ctor(NDice.IRandomizable,System.Int32)
DA:17,40
DA:18,40
DA:19,40
DA:21,560
DA:22,240
DA:23,240
DA:24,240
DA:25,40
BRDA:21,58,1,240
BRDA:21,58,0,40
FN:26,System.Void NDice.WeightedDie::.ctor(System.Double[])
FNDA:39,System.Void NDice.WeightedDie::.ctor(System.Double[])
DA:27,39
FN:28,System.Void NDice.WeightedDie::.ctor(NDice.IRandomizable,System.Double[])
FNDA:45,System.Void NDice.WeightedDie::.ctor(NDice.IRandomizable,System.Double[])
DA:29,45
DA:30,45
DA:31,45
DA:32,256
DA:34,45
DA:35,45
DA:37,557
DA:38,211
DA:39,211
DA:40,211
DA:41,211
DA:43,45
DA:44,3
DA:45,3
DA:48,42
DA:50,490
DA:51,203
DA:52,203
DA:53,203
DA:55,42
DA:56,42
BRDA:32,27,0,1
BRDA:32,27,1,45
BRDA:37,134,1,211
BRDA:39,104,0,171
BRDA:39,104,1,40
BRDA:37,134,0,45
BRDA:43,157,0,3
BRDA:43,157,1,42
BRDA:50,232,1,203
BRDA:50,232,0,42
FN:57,System.Void NDice.WeightedDie::.ctor(System.Int32[])
FNDA:57,System.Void NDice.WeightedDie::.ctor(System.Int32[])
DA:58,57
FN:62,System.Void NDice.WeightedDie::.ctor(NDice.IRandomizable,System.Int32[])
FNDA:74,System.Void NDice.WeightedDie::.ctor(NDice.IRandomizable,System.Int32[])
DA:63,74
LF:47
LH:47
BRF:16
BRH:16
FNF:8
FNH:8
end_of_record